<?xml version="1.0" encoding="UTF-8"?>
<testng-results ignored="0" total="5" passed="5" failed="0" skipped="0">
  <reporter-output>
  </reporter-output>
  <suite started-at="2025-07-26T00:47:21 BST" name="Default suite" finished-at="2025-07-26T00:47:34 BST" duration-ms="13471">
    <groups>
      <group name="ui">
        <method signature="SignUpTest.validSignUp()[pri:1, instance:contactmanagementsystem.com.sudha.tests.SignUpTest@1f760b47]" name="validSignUp" class="contactmanagementsystem.com.sudha.tests.SignUpTest"/>
        <method signature="SignUpTest.inValidSignUp()[pri:2, instance:contactmanagementsystem.com.sudha.tests.SignUpTest@1f760b47]" name="inValidSignUp" class="contactmanagementsystem.com.sudha.tests.SignUpTest"/>
        <method signature="SignUpTest.blankSignUp()[pri:3, instance:contactmanagementsystem.com.sudha.tests.SignUpTest@1f760b47]" name="blankSignUp" class="contactmanagementsystem.com.sudha.tests.SignUpTest"/>
        <method signature="SignUpTest.invalidSignUpPasswordDoNotMatch()[pri:4, instance:contactmanagementsystem.com.sudha.tests.SignUpTest@1f760b47]" name="invalidSignUpPasswordDoNotMatch" class="contactmanagementsystem.com.sudha.tests.SignUpTest"/>
        <method signature="SignUpTest.invalidSignUpWrongEmailId()[pri:5, instance:contactmanagementsystem.com.sudha.tests.SignUpTest@1f760b47]" name="invalidSignUpWrongEmailId" class="contactmanagementsystem.com.sudha.tests.SignUpTest"/>
      </group> <!-- ui -->
    </groups>
    <test started-at="2025-07-26T00:47:21 BST" name="Default test" finished-at="2025-07-26T00:47:34 BST" duration-ms="13471">
      <class name="contactmanagementsystem.com.sudha.tests.SignUpTest">
        <test-method is-config="true" signature="cleanReports()[pri:0, instance:contactmanagementsystem.com.sudha.tests.SignUpTest@1f760b47]" started-at="2025-07-26T00:47:21 BST" name="cleanReports" finished-at="2025-07-26T00:47:21 BST" duration-ms="14" status="PASS">
          <reporter-output>
          </reporter-output>
        </test-method> <!-- cleanReports -->
        <test-method is-config="true" signature="beforeEachBrowser()[pri:0, instance:contactmanagementsystem.com.sudha.tests.SignUpTest@1f760b47]" started-at="2025-07-26T00:47:21 BST" name="beforeEachBrowser" finished-at="2025-07-26T00:47:21 BST" duration-ms="4" status="PASS">
          <reporter-output>
          </reporter-output>
        </test-method> <!-- beforeEachBrowser -->
        <test-method is-config="true" signature="setUp(org.testng.ITestResult,java.lang.String)[pri:0, instance:contactmanagementsystem.com.sudha.tests.SignUpTest@1f760b47]" started-at="2025-07-26T00:47:21 BST" name="setUp" finished-at="2025-07-26T00:47:22 BST" duration-ms="1369" status="PASS">
          <params>
            <param index="0">
              <value>
                <![CDATA[[TestResult name={null} status=CREATED method=SignUpTest.validSignUp()[pri:1, instance:contactmanagementsystem.com.sudha.tests.SignUpTest@1f760b47] output={null}]]]>
              </value>
            </param>
            <param index="1">
              <value>
                <![CDATA[chrome]]>
              </value>
            </param>
          </params>
          <reporter-output>
          </reporter-output>
        </test-method> <!-- setUp -->
        <test-method signature="validSignUp()[pri:1, instance:contactmanagementsystem.com.sudha.tests.SignUpTest@1f760b47]" started-at="2025-07-26T00:47:22 BST" name="validSignUp" description="Verify sign-up with valid inputs" finished-at="2025-07-26T00:47:24 BST" duration-ms="2430" status="PASS">
          <reporter-output>
          </reporter-output>
        </test-method> <!-- validSignUp -->
        <test-method is-config="true" signature="tearDown()[pri:0, instance:contactmanagementsystem.com.sudha.tests.SignUpTest@1f760b47]" started-at="2025-07-26T00:47:24 BST" name="tearDown" finished-at="2025-07-26T00:47:25 BST" duration-ms="151" status="PASS">
          <reporter-output>
          </reporter-output>
        </test-method> <!-- tearDown -->
        <test-method is-config="true" signature="setUp(org.testng.ITestResult,java.lang.String)[pri:0, instance:contactmanagementsystem.com.sudha.tests.SignUpTest@1f760b47]" started-at="2025-07-26T00:47:25 BST" name="setUp" finished-at="2025-07-26T00:47:25 BST" duration-ms="710" status="PASS">
          <params>
            <param index="0">
              <value>
                <![CDATA[[TestResult name={null} status=CREATED method=SignUpTest.inValidSignUp()[pri:2, instance:contactmanagementsystem.com.sudha.tests.SignUpTest@1f760b47] output={null}]]]>
              </value>
            </param>
            <param index="1">
              <value>
                <![CDATA[chrome]]>
              </value>
            </param>
          </params>
          <reporter-output>
          </reporter-output>
        </test-method> <!-- setUp -->
        <test-method signature="inValidSignUp()[pri:2, instance:contactmanagementsystem.com.sudha.tests.SignUpTest@1f760b47]" started-at="2025-07-26T00:47:25 BST" name="inValidSignUp" description="Verify registration with already registered email" finished-at="2025-07-26T00:47:27 BST" duration-ms="1573" status="PASS">
          <reporter-output>
          </reporter-output>
        </test-method> <!-- inValidSignUp -->
        <test-method is-config="true" signature="tearDown()[pri:0, instance:contactmanagementsystem.com.sudha.tests.SignUpTest@1f760b47]" started-at="2025-07-26T00:47:27 BST" name="tearDown" finished-at="2025-07-26T00:47:27 BST" duration-ms="144" status="PASS">
          <reporter-output>
          </reporter-output>
        </test-method> <!-- tearDown -->
        <test-method is-config="true" signature="setUp(org.testng.ITestResult,java.lang.String)[pri:0, instance:contactmanagementsystem.com.sudha.tests.SignUpTest@1f760b47]" started-at="2025-07-26T00:47:27 BST" name="setUp" finished-at="2025-07-26T00:47:28 BST" duration-ms="700" status="PASS">
          <params>
            <param index="0">
              <value>
                <![CDATA[[TestResult name={null} status=CREATED method=SignUpTest.blankSignUp()[pri:3, instance:contactmanagementsystem.com.sudha.tests.SignUpTest@1f760b47] output={null}]]]>
              </value>
            </param>
            <param index="1">
              <value>
                <![CDATA[chrome]]>
              </value>
            </param>
          </params>
          <reporter-output>
          </reporter-output>
        </test-method> <!-- setUp -->
        <test-method signature="blankSignUp()[pri:3, instance:contactmanagementsystem.com.sudha.tests.SignUpTest@1f760b47]" started-at="2025-07-26T00:47:28 BST" name="blankSignUp" description="Verify registration with blank fields" finished-at="2025-07-26T00:47:29 BST" duration-ms="1328" status="PASS">
          <reporter-output>
          </reporter-output>
        </test-method> <!-- blankSignUp -->
        <test-method is-config="true" signature="tearDown()[pri:0, instance:contactmanagementsystem.com.sudha.tests.SignUpTest@1f760b47]" started-at="2025-07-26T00:47:29 BST" name="tearDown" finished-at="2025-07-26T00:47:29 BST" duration-ms="142" status="PASS">
          <reporter-output>
          </reporter-output>
        </test-method> <!-- tearDown -->
        <test-method is-config="true" signature="setUp(org.testng.ITestResult,java.lang.String)[pri:0, instance:contactmanagementsystem.com.sudha.tests.SignUpTest@1f760b47]" started-at="2025-07-26T00:47:29 BST" name="setUp" finished-at="2025-07-26T00:47:30 BST" duration-ms="699" status="PASS">
          <params>
            <param index="0">
              <value>
                <![CDATA[[TestResult name={null} status=CREATED method=SignUpTest.invalidSignUpPasswordDoNotMatch()[pri:4, instance:contactmanagementsystem.com.sudha.tests.SignUpTest@1f760b47] output={null}]]]>
              </value>
            </param>
            <param index="1">
              <value>
                <![CDATA[chrome]]>
              </value>
            </param>
          </params>
          <reporter-output>
          </reporter-output>
        </test-method> <!-- setUp -->
        <test-method signature="invalidSignUpPasswordDoNotMatch()[pri:4, instance:contactmanagementsystem.com.sudha.tests.SignUpTest@1f760b47]" started-at="2025-07-26T00:47:30 BST" name="invalidSignUpPasswordDoNotMatch" description="Verify password and confirm password mismatch" finished-at="2025-07-26T00:47:32 BST" duration-ms="1591" status="PASS">
          <reporter-output>
          </reporter-output>
        </test-method> <!-- invalidSignUpPasswordDoNotMatch -->
        <test-method is-config="true" signature="tearDown()[pri:0, instance:contactmanagementsystem.com.sudha.tests.SignUpTest@1f760b47]" started-at="2025-07-26T00:47:32 BST" name="tearDown" finished-at="2025-07-26T00:47:32 BST" duration-ms="146" status="PASS">
          <reporter-output>
          </reporter-output>
        </test-method> <!-- tearDown -->
        <test-method is-config="true" signature="setUp(org.testng.ITestResult,java.lang.String)[pri:0, instance:contactmanagementsystem.com.sudha.tests.SignUpTest@1f760b47]" started-at="2025-07-26T00:47:32 BST" name="setUp" finished-at="2025-07-26T00:47:32 BST" duration-ms="705" status="PASS">
          <params>
            <param index="0">
              <value>
                <![CDATA[[TestResult name={null} status=CREATED method=SignUpTest.invalidSignUpWrongEmailId()[pri:5, instance:contactmanagementsystem.com.sudha.tests.SignUpTest@1f760b47] output={null}]]]>
              </value>
            </param>
            <param index="1">
              <value>
                <![CDATA[chrome]]>
              </value>
            </param>
          </params>
          <reporter-output>
          </reporter-output>
        </test-method> <!-- setUp -->
        <test-method signature="invalidSignUpWrongEmailId()[pri:5, instance:contactmanagementsystem.com.sudha.tests.SignUpTest@1f760b47]" started-at="2025-07-26T00:47:32 BST" name="invalidSignUpWrongEmailId" description="Verify email format validation during sign-up" finished-at="2025-07-26T00:47:34 BST" duration-ms="1575" status="PASS">
          <reporter-output>
          </reporter-output>
        </test-method> <!-- invalidSignUpWrongEmailId -->
        <test-method is-config="true" signature="tearDown()[pri:0, instance:contactmanagementsystem.com.sudha.tests.SignUpTest@1f760b47]" started-at="2025-07-26T00:47:34 BST" name="tearDown" finished-at="2025-07-26T00:47:34 BST" duration-ms="163" status="PASS">
          <reporter-output>
          </reporter-output>
        </test-method> <!-- tearDown -->
      </class> <!-- contactmanagementsystem.com.sudha.tests.SignUpTest -->
    </test> <!-- Default test -->
  </suite> <!-- Default suite -->
</testng-results>
